2018-05-12 01:19:27.205  WARN daka-To-be-filled-by-O-E-M --- [           main] o.d.c.k.b.i.ClasspathKieProject          : Unable to find pom.properties in /home/daka/Desktop/sbz/target/classes
2018-05-12 01:19:27.220  WARN daka-To-be-filled-by-O-E-M --- [           main] o.k.s.e.MavenSettings                    : Environment variable M2_HOME is not set
2018-05-12 01:19:50.556  WARN daka-To-be-filled-by-O-E-M --- [           main] o.d.c.k.b.i.ClasspathKieProject          : Unable to find pom.properties in /home/daka/Desktop/sbz/target/classes
2018-05-12 01:19:50.571  WARN daka-To-be-filled-by-O-E-M --- [           main] o.k.s.e.MavenSettings                    : Environment variable M2_HOME is not set
2018-05-12 01:20:02.686  INFO daka-To-be-filled-by-O-E-M --- [           main] u.a.r.ProjectApplication                 : Starting ProjectApplication on daka-To-be-filled-by-O-E-M with PID 7579 (/home/daka/Desktop/sbz/target/classes started by daka in /home/daka/Desktop/sbz)
2018-05-12 01:20:02.695  INFO daka-To-be-filled-by-O-E-M --- [           main] u.a.r.ProjectApplication                 : No active profile set, falling back to default profiles: default
2018-05-12 01:20:02.780  INFO daka-To-be-filled-by-O-E-M --- [           main] ationConfigEmbeddedWebApplicationContext : Refreshing org.springframework.boot.context.embedded.AnnotationConfigEmbeddedWebApplicationContext@d21a74c: startup date [Sat May 12 01:20:02 CEST 2018]; root of context hierarchy
2018-05-12 01:20:03.218  INFO daka-To-be-filled-by-O-E-M --- [kground-preinit] o.h.v.i.u.Version                        : HV000001: Hibernate Validator 5.3.5.Final
2018-05-12 01:20:03.979  INFO daka-To-be-filled-by-O-E-M --- [           main] f.a.AutowiredAnnotationBeanPostProcessor : JSR-330 'javax.inject.Inject' annotation found and supported for autowiring
2018-05-12 01:20:04.539  INFO daka-To-be-filled-by-O-E-M --- [           main] s.b.c.e.t.TomcatEmbeddedServletContainer : Tomcat initialized with port(s): 8080 (http)
2018-05-12 01:20:04.551  INFO daka-To-be-filled-by-O-E-M --- [           main] o.a.c.c.StandardService                  : Starting service [Tomcat]
2018-05-12 01:20:04.553  INFO daka-To-be-filled-by-O-E-M --- [           main] o.a.c.c.StandardEngine                   : Starting Servlet Engine: Apache Tomcat/8.5.16
2018-05-12 01:20:04.664  INFO daka-To-be-filled-by-O-E-M --- [ost-startStop-1] o.a.c.c.C.[.[.[/]                        : Initializing Spring embedded WebApplicationContext
2018-05-12 01:20:04.665  INFO daka-To-be-filled-by-O-E-M --- [ost-startStop-1] o.s.w.c.ContextLoader                    : Root WebApplicationContext: initialization completed in 1888 ms
2018-05-12 01:20:05.582  INFO daka-To-be-filled-by-O-E-M --- [ost-startStop-1] j.LocalContainerEntityManagerFactoryBean : Building JPA container EntityManagerFactory for persistence unit 'default'
2018-05-12 01:20:05.682  INFO daka-To-be-filled-by-O-E-M --- [ost-startStop-1] o.h.j.i.u.LogHelper                      : HHH000204: Processing PersistenceUnitInfo [
	name: default
	...]
2018-05-12 01:20:05.745  INFO daka-To-be-filled-by-O-E-M --- [ost-startStop-1] o.h.Version                              : HHH000412: Hibernate Core {5.0.12.Final}
2018-05-12 01:20:05.746  INFO daka-To-be-filled-by-O-E-M --- [ost-startStop-1] o.h.c.Environment                        : HHH000206: hibernate.properties not found
2018-05-12 01:20:05.747  INFO daka-To-be-filled-by-O-E-M --- [ost-startStop-1] o.h.c.Environment                        : HHH000021: Bytecode provider name : javassist
2018-05-12 01:20:05.787  INFO daka-To-be-filled-by-O-E-M --- [ost-startStop-1] o.h.a.c.Version                          : HCANN000001: Hibernate Commons Annotations {5.0.1.Final}
2018-05-12 01:20:05.898  INFO daka-To-be-filled-by-O-E-M --- [ost-startStop-1] o.h.d.Dialect                            : HHH000400: Using dialect: org.hibernate.dialect.MySQL5Dialect
2018-05-12 01:20:06.466  INFO daka-To-be-filled-by-O-E-M --- [ost-startStop-1] o.h.t.h.SchemaUpdate                     : HHH000228: Running hbm2ddl schema update
2018-05-12 01:20:06.739  INFO daka-To-be-filled-by-O-E-M --- [ost-startStop-1] j.LocalContainerEntityManagerFactoryBean : Initialized JPA EntityManagerFactory for persistence unit 'default'
2018-05-12 01:20:07.231  INFO daka-To-be-filled-by-O-E-M --- [ost-startStop-1] o.s.b.w.s.FilterRegistrationBean         : Mapping filter: 'characterEncodingFilter' to: [/*]
2018-05-12 01:20:07.232  INFO daka-To-be-filled-by-O-E-M --- [ost-startStop-1] o.s.b.w.s.FilterRegistrationBean         : Mapping filter: 'hiddenHttpMethodFilter' to: [/*]
2018-05-12 01:20:07.232  INFO daka-To-be-filled-by-O-E-M --- [ost-startStop-1] o.s.b.w.s.FilterRegistrationBean         : Mapping filter: 'httpPutFormContentFilter' to: [/*]
2018-05-12 01:20:07.232  INFO daka-To-be-filled-by-O-E-M --- [ost-startStop-1] o.s.b.w.s.FilterRegistrationBean         : Mapping filter: 'requestContextFilter' to: [/*]
2018-05-12 01:20:07.233  INFO daka-To-be-filled-by-O-E-M --- [ost-startStop-1] .s.DelegatingFilterProxyRegistrationBean : Mapping filter: 'springSecurityFilterChain' to: [/*]
2018-05-12 01:20:07.233  INFO daka-To-be-filled-by-O-E-M --- [ost-startStop-1] o.s.b.w.s.FilterRegistrationBean         : Mapping filter: 'authenticationTokenFilterBean' to: [/*]
2018-05-12 01:20:07.233  INFO daka-To-be-filled-by-O-E-M --- [ost-startStop-1] o.s.b.w.s.ServletRegistrationBean        : Mapping servlet: 'dispatcherServlet' to [/]
2018-05-12 01:20:07.420  INFO daka-To-be-filled-by-O-E-M --- [           main] o.d.c.k.b.i.ClasspathKieProject          : Found kmodule: file:/home/daka/Desktop/sbz/target/classes/META-INF/kmodule.xml
2018-05-12 01:20:07.580  WARN daka-To-be-filled-by-O-E-M --- [           main] o.d.c.k.b.i.ClasspathKieProject          : Unable to find pom.properties in /home/daka/Desktop/sbz/target/classes
2018-05-12 01:20:07.591  WARN daka-To-be-filled-by-O-E-M --- [           main] o.k.s.e.MavenSettings                    : Environment variable M2_HOME is not set
2018-05-12 01:20:10.030  INFO daka-To-be-filled-by-O-E-M --- [           main] o.d.c.k.b.i.ClasspathKieProject          : Recursed up folders, found and used pom.xml /home/daka/Desktop/sbz/pom.xml
2018-05-12 01:20:10.035  INFO daka-To-be-filled-by-O-E-M --- [           main] o.d.c.k.b.i.KieRepositoryImpl            : KieModule was added: FileKieModule[releaseId=uns.ac.rs:project:0.0.1-SNAPSHOT,file=/home/daka/Desktop/sbz/target/classes]
2018-05-12 01:20:10.295  INFO daka-To-be-filled-by-O-E-M --- [           main] o.s.s.w.DefaultSecurityFilterChain       : Creating filter chain: org.springframework.security.web.util.matcher.AnyRequestMatcher@1, [org.springframework.security.web.context.request.async.WebAsyncManagerIntegrationFilter@458031da, org.springframework.security.web.context.SecurityContextPersistenceFilter@21274afe, org.springframework.security.web.header.HeaderWriterFilter@39133244, org.springframework.security.web.csrf.CsrfFilter@40c8067, org.springframework.security.web.authentication.logout.LogoutFilter@27f71195, uns.ac.rs.security.AuthenticationTokenFilter@66debee6, org.springframework.security.web.savedrequest.RequestCacheAwareFilter@61da0413, org.springframework.security.web.servletapi.SecurityContextHolderAwareRequestFilter@147cc940, org.springframework.security.web.authentication.AnonymousAuthenticationFilter@7be94cd6, org.springframework.security.web.session.SessionManagementFilter@5e193ef5, org.springframework.security.web.access.ExceptionTranslationFilter@1c3b6963, org.springframework.security.web.access.intercept.FilterSecurityInterceptor@1edfedf1]
2018-05-12 01:20:10.572  INFO daka-To-be-filled-by-O-E-M --- [           main] s.w.s.m.m.a.RequestMappingHandlerAdapter : Looking for @ControllerAdvice: org.springframework.boot.context.embedded.AnnotationConfigEmbeddedWebApplicationContext@d21a74c: startup date [Sat May 12 01:20:02 CEST 2018]; root of context hierarchy
2018-05-12 01:20:10.656  INFO daka-To-be-filled-by-O-E-M --- [           main] s.w.s.m.m.a.RequestMappingHandlerMapping : Mapped "{[/api/article/all],methods=[GET]}" onto public java.util.List<uns.ac.rs.model.Article> uns.ac.rs.controller.ArticleController.getAll() throws java.lang.Exception
2018-05-12 01:20:10.657  INFO daka-To-be-filled-by-O-E-M --- [           main] s.w.s.m.m.a.RequestMappingHandlerMapping : Mapped "{[/api/article/{id}],methods=[GET]}" onto public org.springframework.http.ResponseEntity<uns.ac.rs.model.Article> uns.ac.rs.controller.ArticleController.getArticleByID(java.lang.Long) throws java.lang.Exception
2018-05-12 01:20:10.657  INFO daka-To-be-filled-by-O-E-M --- [           main] s.w.s.m.m.a.RequestMappingHandlerMapping : Mapped "{[/api/article/bill],methods=[POST]}" onto public org.springframework.http.ResponseEntity<uns.ac.rs.model.Bill> uns.ac.rs.controller.ArticleController.bill(uns.ac.rs.model.Bill) throws java.lang.Exception
2018-05-12 01:20:10.657  INFO daka-To-be-filled-by-O-E-M --- [           main] s.w.s.m.m.a.RequestMappingHandlerMapping : Mapped "{[/api/article/submit_bill],methods=[POST]}" onto public org.springframework.http.ResponseEntity<uns.ac.rs.model.Bill> uns.ac.rs.controller.ArticleController.submit_bill(uns.ac.rs.model.Bill) throws java.lang.Exception
2018-05-12 01:20:10.658  INFO daka-To-be-filled-by-O-E-M --- [           main] s.w.s.m.m.a.RequestMappingHandlerMapping : Mapped "{[/api/article/orders],methods=[GET]}" onto public java.util.List<uns.ac.rs.model.Article> uns.ac.rs.controller.ArticleController.orders() throws java.lang.Exception
2018-05-12 01:20:10.658  INFO daka-To-be-filled-by-O-E-M --- [           main] s.w.s.m.m.a.RequestMappingHandlerMapping : Mapped "{[/api/article/order_more],methods=[POST]}" onto public org.springframework.http.ResponseEntity<uns.ac.rs.model.Article> uns.ac.rs.controller.ArticleController.order_more(uns.ac.rs.model.Article) throws java.lang.Exception
2018-05-12 01:20:10.658  INFO daka-To-be-filled-by-O-E-M --- [           main] s.w.s.m.m.a.RequestMappingHandlerMapping : Mapped "{[/api/article/search/{title}],methods=[GET]}" onto public java.util.List<uns.ac.rs.model.Article> uns.ac.rs.controller.ArticleController.search_articles(java.lang.String) throws java.lang.Exception
2018-05-12 01:20:10.658  INFO daka-To-be-filled-by-O-E-M --- [           main] s.w.s.m.m.a.RequestMappingHandlerMapping : Mapped "{[/api/article/add],methods=[POST]}" onto public org.springframework.http.ResponseEntity<uns.ac.rs.model.Article> uns.ac.rs.controller.ArticleController.add(uns.ac.rs.model.Article) throws java.lang.Exception
2018-05-12 01:20:10.660  INFO daka-To-be-filled-by-O-E-M --- [           main] s.w.s.m.m.a.RequestMappingHandlerMapping : Mapped "{[/api/bill/all],methods=[GET],produces=[application/json]}" onto public java.util.List<uns.ac.rs.model.Bill> uns.ac.rs.controller.BillController.getAll()
2018-05-12 01:20:10.661  INFO daka-To-be-filled-by-O-E-M --- [           main] s.w.s.m.m.a.RequestMappingHandlerMapping : Mapped "{[/api/bill/{id}],methods=[GET],produces=[application/json]}" onto public uns.ac.rs.model.Bill uns.ac.rs.controller.BillController.getBill(java.lang.Long) throws java.lang.Exception
2018-05-12 01:20:10.661  INFO daka-To-be-filled-by-O-E-M --- [           main] s.w.s.m.m.a.RequestMappingHandlerMapping : Mapped "{[/api/bill/history/{username}],methods=[GET],produces=[application/json]}" onto public java.util.List<uns.ac.rs.model.Bill> uns.ac.rs.controller.BillController.getHistory(java.lang.String) throws java.lang.Exception
2018-05-12 01:20:10.661  INFO daka-To-be-filled-by-O-E-M --- [           main] s.w.s.m.m.a.RequestMappingHandlerMapping : Mapped "{[/api/bill/reject_bill],methods=[POST]}" onto public org.springframework.http.ResponseEntity<uns.ac.rs.model.Bill> uns.ac.rs.controller.BillController.reject_bill(uns.ac.rs.model.Bill) throws java.lang.Exception
2018-05-12 01:20:10.661  INFO daka-To-be-filled-by-O-E-M --- [           main] s.w.s.m.m.a.RequestMappingHandlerMapping : Mapped "{[/api/bill/check_bill],methods=[POST]}" onto public org.springframework.http.ResponseEntity<uns.ac.rs.model.Bill> uns.ac.rs.controller.BillController.check_bill(uns.ac.rs.model.Bill) throws java.lang.Exception
2018-05-12 01:20:10.663  INFO daka-To-be-filled-by-O-E-M --- [           main] s.w.s.m.m.a.RequestMappingHandlerMapping : Mapped "{[/api/category/articles],methods=[GET]}" onto public java.util.List<uns.ac.rs.model.ArticleCategory> uns.ac.rs.controller.CategoryController.getArticleCategories()
2018-05-12 01:20:10.664  INFO daka-To-be-filled-by-O-E-M --- [           main] s.w.s.m.m.a.RequestMappingHandlerMapping : Mapped "{[/api/category/users],methods=[GET]}" onto public java.util.List<uns.ac.rs.model.UserCategory> uns.ac.rs.controller.CategoryController.getUserCategories()
2018-05-12 01:20:10.664  INFO daka-To-be-filled-by-O-E-M --- [           main] s.w.s.m.m.a.RequestMappingHandlerMapping : Mapped "{[/api/category/article/add],methods=[POST]}" onto public org.springframework.http.ResponseEntity<uns.ac.rs.model.ArticleCategory> uns.ac.rs.controller.CategoryController.add(uns.ac.rs.model.ArticleCategory) throws java.lang.Exception
2018-05-12 01:20:10.664  INFO daka-To-be-filled-by-O-E-M --- [           main] s.w.s.m.m.a.RequestMappingHandlerMapping : Mapped "{[/api/category/user/update],methods=[POST]}" onto public org.springframework.http.ResponseEntity<uns.ac.rs.model.UserCategory> uns.ac.rs.controller.CategoryController.update(uns.ac.rs.model.UserCategory) throws java.lang.Exception
2018-05-12 01:20:10.664  INFO daka-To-be-filled-by-O-E-M --- [           main] s.w.s.m.m.a.RequestMappingHandlerMapping : Mapped "{[/api/category/article/delete/{id}],methods=[POST]}" onto public org.springframework.http.ResponseEntity uns.ac.rs.controller.CategoryController.delete(java.lang.Long) throws java.lang.Exception
2018-05-12 01:20:10.666  INFO daka-To-be-filled-by-O-E-M --- [           main] s.w.s.m.m.a.RequestMappingHandlerMapping : Mapped "{[/api/event/all],methods=[GET]}" onto public java.util.List<uns.ac.rs.model.Event> uns.ac.rs.controller.EventController.getAll() throws java.lang.Exception
2018-05-12 01:20:10.666  INFO daka-To-be-filled-by-O-E-M --- [           main] s.w.s.m.m.a.RequestMappingHandlerMapping : Mapped "{[/api/event/add],methods=[POST]}" onto public org.springframework.http.ResponseEntity<uns.ac.rs.model.Event> uns.ac.rs.controller.EventController.add(uns.ac.rs.model.Event) throws java.lang.Exception
2018-05-12 01:20:10.666  INFO daka-To-be-filled-by-O-E-M --- [           main] s.w.s.m.m.a.RequestMappingHandlerMapping : Mapped "{[/api/event/delete/{id}],methods=[POST]}" onto public org.springframework.http.ResponseEntity uns.ac.rs.controller.EventController.delete(java.lang.Long) throws java.lang.Exception
2018-05-12 01:20:10.669  INFO daka-To-be-filled-by-O-E-M --- [           main] s.w.s.m.m.a.RequestMappingHandlerMapping : Mapped "{[/api/user/update],methods=[POST],consumes=[application/json]}" onto public org.springframework.http.ResponseEntity uns.ac.rs.controller.UserController.updateUser(uns.ac.rs.model.User) throws java.lang.Exception
2018-05-12 01:20:10.669  INFO daka-To-be-filled-by-O-E-M --- [           main] s.w.s.m.m.a.RequestMappingHandlerMapping : Mapped "{[/api/user/categories],methods=[GET],produces=[application/json]}" onto public java.util.List<uns.ac.rs.model.UserCategory> uns.ac.rs.controller.UserController.allCategories()
2018-05-12 01:20:10.670  INFO daka-To-be-filled-by-O-E-M --- [           main] s.w.s.m.m.a.RequestMappingHandlerMapping : Mapped "{[/api/user/login],methods=[POST],consumes=[application/json],produces=[text/plain]}" onto public java.lang.String uns.ac.rs.controller.UserController.login(uns.ac.rs.model.dto.LoginDTO) throws java.lang.Exception
2018-05-12 01:20:10.670  INFO daka-To-be-filled-by-O-E-M --- [           main] s.w.s.m.m.a.RequestMappingHandlerMapping : Mapped "{[/api/user/{username}],methods=[GET]}" onto public uns.ac.rs.model.User uns.ac.rs.controller.UserController.findUser(java.lang.String)
2018-05-12 01:20:10.670  INFO daka-To-be-filled-by-O-E-M --- [           main] s.w.s.m.m.a.RequestMappingHandlerMapping : Mapped "{[/api/user/registration],methods=[POST],consumes=[application/json],produces=[application/json]}" onto public org.springframework.http.ResponseEntity uns.ac.rs.controller.UserController.registration(uns.ac.rs.model.User) throws java.lang.Exception
2018-05-12 01:20:10.670  INFO daka-To-be-filled-by-O-E-M --- [           main] s.w.s.m.m.a.RequestMappingHandlerMapping : Mapped "{[/api/user/all],methods=[GET],produces=[application/json]}" onto public java.util.List<uns.ac.rs.model.User> uns.ac.rs.controller.UserController.all()
2018-05-12 01:20:10.672  INFO daka-To-be-filled-by-O-E-M --- [           main] s.w.s.m.m.a.RequestMappingHandlerMapping : Mapped "{[/error],produces=[text/html]}" onto public org.springframework.web.servlet.ModelAndView org.springframework.boot.autoconfigure.web.BasicErrorController.errorHtml(javax.servlet.http.HttpServletRequest,javax.servlet.http.HttpServletResponse)
2018-05-12 01:20:10.672  INFO daka-To-be-filled-by-O-E-M --- [           main] s.w.s.m.m.a.RequestMappingHandlerMapping : Mapped "{[/error]}" onto public org.springframework.http.ResponseEntity<java.util.Map<java.lang.String, java.lang.Object>> org.springframework.boot.autoconfigure.web.BasicErrorController.error(javax.servlet.http.HttpServletRequest)
2018-05-12 01:20:10.749  INFO daka-To-be-filled-by-O-E-M --- [           main] o.s.w.s.h.SimpleUrlHandlerMapping        : Mapped URL path [/webjars/**] onto handler of type [class org.springframework.web.servlet.resource.ResourceHttpRequestHandler]
2018-05-12 01:20:10.750  INFO daka-To-be-filled-by-O-E-M --- [           main] o.s.w.s.h.SimpleUrlHandlerMapping        : Mapped URL path [/**] onto handler of type [class org.springframework.web.servlet.resource.ResourceHttpRequestHandler]
2018-05-12 01:20:10.801  INFO daka-To-be-filled-by-O-E-M --- [           main] o.s.w.s.h.SimpleUrlHandlerMapping        : Mapped URL path [/**/favicon.ico] onto handler of type [class org.springframework.web.servlet.resource.ResourceHttpRequestHandler]
2018-05-12 01:20:10.831  INFO daka-To-be-filled-by-O-E-M --- [           main] oConfiguration$WelcomePageHandlerMapping : Adding welcome page: ServletContext resource [/index.html]
2018-05-12 01:20:11.089  INFO daka-To-be-filled-by-O-E-M --- [           main] o.s.j.e.a.AnnotationMBeanExporter        : Registering beans for JMX exposure on startup
2018-05-12 01:20:11.106  INFO daka-To-be-filled-by-O-E-M --- [           main] o.a.c.h.Http11NioProtocol                : Initializing ProtocolHandler ["http-nio-8080"]
2018-05-12 01:20:11.116  INFO daka-To-be-filled-by-O-E-M --- [           main] o.a.c.h.Http11NioProtocol                : Starting ProtocolHandler ["http-nio-8080"]
2018-05-12 01:20:11.120  INFO daka-To-be-filled-by-O-E-M --- [           main] o.a.t.u.n.NioSelectorPool                : Using a shared selector for servlet write/read
2018-05-12 01:20:11.133  INFO daka-To-be-filled-by-O-E-M --- [           main] s.b.c.e.t.TomcatEmbeddedServletContainer : Tomcat started on port(s): 8080 (http)
2018-05-12 01:20:11.137  INFO daka-To-be-filled-by-O-E-M --- [           main] u.a.r.ProjectApplication                 : Started ProjectApplication in 8.832 seconds (JVM running for 9.573)
2018-05-12 01:20:31.583  INFO daka-To-be-filled-by-O-E-M --- [nio-8080-exec-1] o.a.c.c.C.[.[.[/]                        : Initializing Spring FrameworkServlet 'dispatcherServlet'
2018-05-12 01:20:31.583  INFO daka-To-be-filled-by-O-E-M --- [nio-8080-exec-1] o.s.w.s.DispatcherServlet                : FrameworkServlet 'dispatcherServlet': initialization started
2018-05-12 01:20:31.605  INFO daka-To-be-filled-by-O-E-M --- [nio-8080-exec-1] o.s.w.s.DispatcherServlet                : FrameworkServlet 'dispatcherServlet': initialization completed in 22 ms
2018-05-12 01:20:31.916  INFO daka-To-be-filled-by-O-E-M --- [nio-8080-exec-1] o.h.h.i.QueryTranslatorFactoryInitiator  : HHH000397: Using ASTQueryTranslatorFactory
2018-05-12 01:20:35.476  INFO daka-To-be-filled-by-O-E-M --- [nio-8080-exec-5] u.a.r.c.ArticleController                : Info log
2018-05-12 01:20:35.476  WARN daka-To-be-filled-by-O-E-M --- [nio-8080-exec-5] u.a.r.c.ArticleController                : Hey, This is a warning!
2018-05-12 01:20:35.476 ERROR daka-To-be-filled-by-O-E-M --- [nio-8080-exec-5] u.a.r.c.ArticleController                : Oops! We have an Error. OK
2018-05-12 01:20:35.476 FATAL daka-To-be-filled-by-O-E-M --- [nio-8080-exec-5] u.a.r.c.ArticleController                : Damn! Fatal error. Please fix me.
2018-05-12 01:21:03.154  INFO daka-To-be-filled-by-O-E-M --- [nio-8080-exec-1] u.a.r.c.ArticleController                : Info log
2018-05-12 01:21:03.154  WARN daka-To-be-filled-by-O-E-M --- [nio-8080-exec-1] u.a.r.c.ArticleController                : Hey, This is a warning!
2018-05-12 01:21:03.154 ERROR daka-To-be-filled-by-O-E-M --- [nio-8080-exec-1] u.a.r.c.ArticleController                : Oops! We have an Error. OK
2018-05-12 01:21:03.155 FATAL daka-To-be-filled-by-O-E-M --- [nio-8080-exec-1] u.a.r.c.ArticleController                : Damn! Fatal error. Please fix me.
2018-05-12 01:21:32.663  INFO daka-To-be-filled-by-O-E-M --- [nio-8080-exec-9] u.a.r.c.ArticleController                : Info log
2018-05-12 01:21:32.664  WARN daka-To-be-filled-by-O-E-M --- [nio-8080-exec-9] u.a.r.c.ArticleController                : Hey, This is a warning!
2018-05-12 01:21:32.664 ERROR daka-To-be-filled-by-O-E-M --- [nio-8080-exec-9] u.a.r.c.ArticleController                : Oops! We have an Error. OK
2018-05-12 01:21:32.664 FATAL daka-To-be-filled-by-O-E-M --- [nio-8080-exec-9] u.a.r.c.ArticleController                : Damn! Fatal error. Please fix me.
2018-05-12 01:22:41.608  INFO daka-To-be-filled-by-O-E-M --- [           main] u.a.r.ProjectApplication                 : Starting ProjectApplication on daka-To-be-filled-by-O-E-M with PID 7786 (/home/daka/Desktop/sbz/target/classes started by daka in /home/daka/Desktop/sbz)
2018-05-12 01:22:41.616  INFO daka-To-be-filled-by-O-E-M --- [           main] u.a.r.ProjectApplication                 : No active profile set, falling back to default profiles: default
2018-05-12 01:22:41.728  INFO daka-To-be-filled-by-O-E-M --- [           main] ationConfigEmbeddedWebApplicationContext : Refreshing org.springframework.boot.context.embedded.AnnotationConfigEmbeddedWebApplicationContext@d21a74c: startup date [Sat May 12 01:22:41 CEST 2018]; root of context hierarchy
2018-05-12 01:22:41.970  INFO daka-To-be-filled-by-O-E-M --- [kground-preinit] o.h.v.i.u.Version                        : HV000001: Hibernate Validator 5.3.5.Final
2018-05-12 01:22:42.784  INFO daka-To-be-filled-by-O-E-M --- [           main] f.a.AutowiredAnnotationBeanPostProcessor : JSR-330 'javax.inject.Inject' annotation found and supported for autowiring
2018-05-12 01:22:43.341  INFO daka-To-be-filled-by-O-E-M --- [           main] s.b.c.e.t.TomcatEmbeddedServletContainer : Tomcat initialized with port(s): 8080 (http)
2018-05-12 01:22:43.353  INFO daka-To-be-filled-by-O-E-M --- [           main] o.a.c.c.StandardService                  : Starting service [Tomcat]
2018-05-12 01:22:43.354  INFO daka-To-be-filled-by-O-E-M --- [           main] o.a.c.c.StandardEngine                   : Starting Servlet Engine: Apache Tomcat/8.5.16
2018-05-12 01:22:43.462  INFO daka-To-be-filled-by-O-E-M --- [ost-startStop-1] o.a.c.c.C.[.[.[/]                        : Initializing Spring embedded WebApplicationContext
2018-05-12 01:22:43.463  INFO daka-To-be-filled-by-O-E-M --- [ost-startStop-1] o.s.w.c.ContextLoader                    : Root WebApplicationContext: initialization completed in 1740 ms
2018-05-12 01:22:44.387  INFO daka-To-be-filled-by-O-E-M --- [ost-startStop-1] j.LocalContainerEntityManagerFactoryBean : Building JPA container EntityManagerFactory for persistence unit 'default'
2018-05-12 01:22:44.504  INFO daka-To-be-filled-by-O-E-M --- [ost-startStop-1] o.h.j.i.u.LogHelper                      : HHH000204: Processing PersistenceUnitInfo [
	name: default
	...]
2018-05-12 01:22:44.564  INFO daka-To-be-filled-by-O-E-M --- [ost-startStop-1] o.h.Version                              : HHH000412: Hibernate Core {5.0.12.Final}
2018-05-12 01:22:44.565  INFO daka-To-be-filled-by-O-E-M --- [ost-startStop-1] o.h.c.Environment                        : HHH000206: hibernate.properties not found
2018-05-12 01:22:44.567  INFO daka-To-be-filled-by-O-E-M --- [ost-startStop-1] o.h.c.Environment                        : HHH000021: Bytecode provider name : javassist
2018-05-12 01:22:44.605  INFO daka-To-be-filled-by-O-E-M --- [ost-startStop-1] o.h.a.c.Version                          : HCANN000001: Hibernate Commons Annotations {5.0.1.Final}
2018-05-12 01:22:44.711  INFO daka-To-be-filled-by-O-E-M --- [ost-startStop-1] o.h.d.Dialect                            : HHH000400: Using dialect: org.hibernate.dialect.MySQL5Dialect
2018-05-12 01:22:45.270  INFO daka-To-be-filled-by-O-E-M --- [ost-startStop-1] o.h.t.h.SchemaUpdate                     : HHH000228: Running hbm2ddl schema update
2018-05-12 01:22:45.537  INFO daka-To-be-filled-by-O-E-M --- [ost-startStop-1] j.LocalContainerEntityManagerFactoryBean : Initialized JPA EntityManagerFactory for persistence unit 'default'
2018-05-12 01:22:46.064  INFO daka-To-be-filled-by-O-E-M --- [ost-startStop-1] o.s.b.w.s.FilterRegistrationBean         : Mapping filter: 'characterEncodingFilter' to: [/*]
2018-05-12 01:22:46.065  INFO daka-To-be-filled-by-O-E-M --- [ost-startStop-1] o.s.b.w.s.FilterRegistrationBean         : Mapping filter: 'hiddenHttpMethodFilter' to: [/*]
2018-05-12 01:22:46.065  INFO daka-To-be-filled-by-O-E-M --- [ost-startStop-1] o.s.b.w.s.FilterRegistrationBean         : Mapping filter: 'httpPutFormContentFilter' to: [/*]
2018-05-12 01:22:46.065  INFO daka-To-be-filled-by-O-E-M --- [ost-startStop-1] o.s.b.w.s.FilterRegistrationBean         : Mapping filter: 'requestContextFilter' to: [/*]
2018-05-12 01:22:46.067  INFO daka-To-be-filled-by-O-E-M --- [ost-startStop-1] .s.DelegatingFilterProxyRegistrationBean : Mapping filter: 'springSecurityFilterChain' to: [/*]
2018-05-12 01:22:46.067  INFO daka-To-be-filled-by-O-E-M --- [ost-startStop-1] o.s.b.w.s.FilterRegistrationBean         : Mapping filter: 'authenticationTokenFilterBean' to: [/*]
2018-05-12 01:22:46.067  INFO daka-To-be-filled-by-O-E-M --- [ost-startStop-1] o.s.b.w.s.ServletRegistrationBean        : Mapping servlet: 'dispatcherServlet' to [/]
2018-05-12 01:22:46.229  INFO daka-To-be-filled-by-O-E-M --- [           main] o.d.c.k.b.i.ClasspathKieProject          : Found kmodule: file:/home/daka/Desktop/sbz/target/classes/META-INF/kmodule.xml
2018-05-12 01:22:46.385  WARN daka-To-be-filled-by-O-E-M --- [           main] o.d.c.k.b.i.ClasspathKieProject          : Unable to find pom.properties in /home/daka/Desktop/sbz/target/classes
2018-05-12 01:22:46.397  WARN daka-To-be-filled-by-O-E-M --- [           main] o.k.s.e.MavenSettings                    : Environment variable M2_HOME is not set
2018-05-12 01:22:48.906  INFO daka-To-be-filled-by-O-E-M --- [           main] o.d.c.k.b.i.ClasspathKieProject          : Recursed up folders, found and used pom.xml /home/daka/Desktop/sbz/pom.xml
2018-05-12 01:22:48.913  INFO daka-To-be-filled-by-O-E-M --- [           main] o.d.c.k.b.i.KieRepositoryImpl            : KieModule was added: FileKieModule[releaseId=uns.ac.rs:project:0.0.1-SNAPSHOT,file=/home/daka/Desktop/sbz/target/classes]
2018-05-12 01:22:49.191  INFO daka-To-be-filled-by-O-E-M --- [           main] o.s.s.w.DefaultSecurityFilterChain       : Creating filter chain: org.springframework.security.web.util.matcher.AnyRequestMatcher@1, [org.springframework.security.web.context.request.async.WebAsyncManagerIntegrationFilter@4f3c7808, org.springframework.security.web.context.SecurityContextPersistenceFilter@40c8067, org.springframework.security.web.header.HeaderWriterFilter@203e705e, org.springframework.security.web.csrf.CsrfFilter@6885ed19, org.springframework.security.web.authentication.logout.LogoutFilter@454bcbbf, uns.ac.rs.security.AuthenticationTokenFilter@76084b00, org.springframework.security.web.savedrequest.RequestCacheAwareFilter@561f9d92, org.springframework.security.web.servletapi.SecurityContextHolderAwareRequestFilter@78d92eef, org.springframework.security.web.authentication.AnonymousAuthenticationFilter@4b4969ea, org.springframework.security.web.session.SessionManagementFilter@39652a30, org.springframework.security.web.access.ExceptionTranslationFilter@7bd38fed, org.springframework.security.web.access.intercept.FilterSecurityInterceptor@241b971f]
2018-05-12 01:22:49.484  INFO daka-To-be-filled-by-O-E-M --- [           main] s.w.s.m.m.a.RequestMappingHandlerAdapter : Looking for @ControllerAdvice: org.springframework.boot.context.embedded.AnnotationConfigEmbeddedWebApplicationContext@d21a74c: startup date [Sat May 12 01:22:41 CEST 2018]; root of context hierarchy
2018-05-12 01:22:49.566  INFO daka-To-be-filled-by-O-E-M --- [           main] s.w.s.m.m.a.RequestMappingHandlerMapping : Mapped "{[/api/article/all],methods=[GET]}" onto public java.util.List<uns.ac.rs.model.Article> uns.ac.rs.controller.ArticleController.getAll() throws java.lang.Exception
2018-05-12 01:22:49.567  INFO daka-To-be-filled-by-O-E-M --- [           main] s.w.s.m.m.a.RequestMappingHandlerMapping : Mapped "{[/api/article/bill],methods=[POST]}" onto public org.springframework.http.ResponseEntity<uns.ac.rs.model.Bill> uns.ac.rs.controller.ArticleController.bill(uns.ac.rs.model.Bill) throws java.lang.Exception
2018-05-12 01:22:49.567  INFO daka-To-be-filled-by-O-E-M --- [           main] s.w.s.m.m.a.RequestMappingHandlerMapping : Mapped "{[/api/article/submit_bill],methods=[POST]}" onto public org.springframework.http.ResponseEntity<uns.ac.rs.model.Bill> uns.ac.rs.controller.ArticleController.submit_bill(uns.ac.rs.model.Bill) throws java.lang.Exception
2018-05-12 01:22:49.568  INFO daka-To-be-filled-by-O-E-M --- [           main] s.w.s.m.m.a.RequestMappingHandlerMapping : Mapped "{[/api/article/orders],methods=[GET]}" onto public java.util.List<uns.ac.rs.model.Article> uns.ac.rs.controller.ArticleController.orders() throws java.lang.Exception
2018-05-12 01:22:49.568  INFO daka-To-be-filled-by-O-E-M --- [           main] s.w.s.m.m.a.RequestMappingHandlerMapping : Mapped "{[/api/article/order_more],methods=[POST]}" onto public org.springframework.http.ResponseEntity<uns.ac.rs.model.Article> uns.ac.rs.controller.ArticleController.order_more(uns.ac.rs.model.Article) throws java.lang.Exception
2018-05-12 01:22:49.568  INFO daka-To-be-filled-by-O-E-M --- [           main] s.w.s.m.m.a.RequestMappingHandlerMapping : Mapped "{[/api/article/search/{title}],methods=[GET]}" onto public java.util.List<uns.ac.rs.model.Article> uns.ac.rs.controller.ArticleController.search_articles(java.lang.String) throws java.lang.Exception
2018-05-12 01:22:49.569  INFO daka-To-be-filled-by-O-E-M --- [           main] s.w.s.m.m.a.RequestMappingHandlerMapping : Mapped "{[/api/article/{id}],methods=[GET]}" onto public org.springframework.http.ResponseEntity<uns.ac.rs.model.Article> uns.ac.rs.controller.ArticleController.getArticleByID(java.lang.Long) throws java.lang.Exception
2018-05-12 01:22:49.569  INFO daka-To-be-filled-by-O-E-M --- [           main] s.w.s.m.m.a.RequestMappingHandlerMapping : Mapped "{[/api/article/add],methods=[POST]}" onto public org.springframework.http.ResponseEntity<uns.ac.rs.model.Article> uns.ac.rs.controller.ArticleController.add(uns.ac.rs.model.Article) throws java.lang.Exception
2018-05-12 01:22:49.571  INFO daka-To-be-filled-by-O-E-M --- [           main] s.w.s.m.m.a.RequestMappingHandlerMapping : Mapped "{[/api/bill/all],methods=[GET],produces=[application/json]}" onto public java.util.List<uns.ac.rs.model.Bill> uns.ac.rs.controller.BillController.getAll()
2018-05-12 01:22:49.571  INFO daka-To-be-filled-by-O-E-M --- [           main] s.w.s.m.m.a.RequestMappingHandlerMapping : Mapped "{[/api/bill/history/{username}],methods=[GET],produces=[application/json]}" onto public java.util.List<uns.ac.rs.model.Bill> uns.ac.rs.controller.BillController.getHistory(java.lang.String) throws java.lang.Exception
2018-05-12 01:22:49.571  INFO daka-To-be-filled-by-O-E-M --- [           main] s.w.s.m.m.a.RequestMappingHandlerMapping : Mapped "{[/api/bill/check_bill],methods=[POST]}" onto public org.springframework.http.ResponseEntity<uns.ac.rs.model.Bill> uns.ac.rs.controller.BillController.check_bill(uns.ac.rs.model.Bill) throws java.lang.Exception
2018-05-12 01:22:49.572  INFO daka-To-be-filled-by-O-E-M --- [           main] s.w.s.m.m.a.RequestMappingHandlerMapping : Mapped "{[/api/bill/reject_bill],methods=[POST]}" onto public org.springframework.http.ResponseEntity<uns.ac.rs.model.Bill> uns.ac.rs.controller.BillController.reject_bill(uns.ac.rs.model.Bill) throws java.lang.Exception
2018-05-12 01:22:49.572  INFO daka-To-be-filled-by-O-E-M --- [           main] s.w.s.m.m.a.RequestMappingHandlerMapping : Mapped "{[/api/bill/{id}],methods=[GET],produces=[application/json]}" onto public uns.ac.rs.model.Bill uns.ac.rs.controller.BillController.getBill(java.lang.Long) throws java.lang.Exception
2018-05-12 01:22:49.574  INFO daka-To-be-filled-by-O-E-M --- [           main] s.w.s.m.m.a.RequestMappingHandlerMapping : Mapped "{[/api/category/articles],methods=[GET]}" onto public java.util.List<uns.ac.rs.model.ArticleCategory> uns.ac.rs.controller.CategoryController.getArticleCategories()
2018-05-12 01:22:49.574  INFO daka-To-be-filled-by-O-E-M --- [           main] s.w.s.m.m.a.RequestMappingHandlerMapping : Mapped "{[/api/category/users],methods=[GET]}" onto public java.util.List<uns.ac.rs.model.UserCategory> uns.ac.rs.controller.CategoryController.getUserCategories()
2018-05-12 01:22:49.575  INFO daka-To-be-filled-by-O-E-M --- [           main] s.w.s.m.m.a.RequestMappingHandlerMapping : Mapped "{[/api/category/article/add],methods=[POST]}" onto public org.springframework.http.ResponseEntity<uns.ac.rs.model.ArticleCategory> uns.ac.rs.controller.CategoryController.add(uns.ac.rs.model.ArticleCategory) throws java.lang.Exception
2018-05-12 01:22:49.575  INFO daka-To-be-filled-by-O-E-M --- [           main] s.w.s.m.m.a.RequestMappingHandlerMapping : Mapped "{[/api/category/user/update],methods=[POST]}" onto public org.springframework.http.ResponseEntity<uns.ac.rs.model.UserCategory> uns.ac.rs.controller.CategoryController.update(uns.ac.rs.model.UserCategory) throws java.lang.Exception
2018-05-12 01:22:49.575  INFO daka-To-be-filled-by-O-E-M --- [           main] s.w.s.m.m.a.RequestMappingHandlerMapping : Mapped "{[/api/category/article/delete/{id}],methods=[POST]}" onto public org.springframework.http.ResponseEntity uns.ac.rs.controller.CategoryController.delete(java.lang.Long) throws java.lang.Exception
2018-05-12 01:22:49.576  INFO daka-To-be-filled-by-O-E-M --- [           main] s.w.s.m.m.a.RequestMappingHandlerMapping : Mapped "{[/api/event/all],methods=[GET]}" onto public java.util.List<uns.ac.rs.model.Event> uns.ac.rs.controller.EventController.getAll() throws java.lang.Exception
2018-05-12 01:22:49.577  INFO daka-To-be-filled-by-O-E-M --- [           main] s.w.s.m.m.a.RequestMappingHandlerMapping : Mapped "{[/api/event/add],methods=[POST]}" onto public org.springframework.http.ResponseEntity<uns.ac.rs.model.Event> uns.ac.rs.controller.EventController.add(uns.ac.rs.model.Event) throws java.lang.Exception
2018-05-12 01:22:49.577  INFO daka-To-be-filled-by-O-E-M --- [           main] s.w.s.m.m.a.RequestMappingHandlerMapping : Mapped "{[/api/event/delete/{id}],methods=[POST]}" onto public org.springframework.http.ResponseEntity uns.ac.rs.controller.EventController.delete(java.lang.Long) throws java.lang.Exception
2018-05-12 01:22:49.580  INFO daka-To-be-filled-by-O-E-M --- [           main] s.w.s.m.m.a.RequestMappingHandlerMapping : Mapped "{[/api/user/registration],methods=[POST],consumes=[application/json],produces=[application/json]}" onto public org.springframework.http.ResponseEntity uns.ac.rs.controller.UserController.registration(uns.ac.rs.model.User) throws java.lang.Exception
2018-05-12 01:22:49.580  INFO daka-To-be-filled-by-O-E-M --- [           main] s.w.s.m.m.a.RequestMappingHandlerMapping : Mapped "{[/api/user/{username}],methods=[GET]}" onto public uns.ac.rs.model.User uns.ac.rs.controller.UserController.findUser(java.lang.String)
2018-05-12 01:22:49.581  INFO daka-To-be-filled-by-O-E-M --- [           main] s.w.s.m.m.a.RequestMappingHandlerMapping : Mapped "{[/api/user/update],methods=[POST],consumes=[application/json]}" onto public org.springframework.http.ResponseEntity uns.ac.rs.controller.UserController.updateUser(uns.ac.rs.model.User) throws java.lang.Exception
2018-05-12 01:22:49.581  INFO daka-To-be-filled-by-O-E-M --- [           main] s.w.s.m.m.a.RequestMappingHandlerMapping : Mapped "{[/api/user/categories],methods=[GET],produces=[application/json]}" onto public java.util.List<uns.ac.rs.model.UserCategory> uns.ac.rs.controller.UserController.allCategories()
2018-05-12 01:22:49.581  INFO daka-To-be-filled-by-O-E-M --- [           main] s.w.s.m.m.a.RequestMappingHandlerMapping : Mapped "{[/api/user/login],methods=[POST],consumes=[application/json],produces=[text/plain]}" onto public java.lang.String uns.ac.rs.controller.UserController.login(uns.ac.rs.model.dto.LoginDTO) throws java.lang.Exception
2018-05-12 01:22:49.581  INFO daka-To-be-filled-by-O-E-M --- [           main] s.w.s.m.m.a.RequestMappingHandlerMapping : Mapped "{[/api/user/all],methods=[GET],produces=[application/json]}" onto public java.util.List<uns.ac.rs.model.User> uns.ac.rs.controller.UserController.all()
2018-05-12 01:22:49.583  INFO daka-To-be-filled-by-O-E-M --- [           main] s.w.s.m.m.a.RequestMappingHandlerMapping : Mapped "{[/error],produces=[text/html]}" onto public org.springframework.web.servlet.ModelAndView org.springframework.boot.autoconfigure.web.BasicErrorController.errorHtml(javax.servlet.http.HttpServletRequest,javax.servlet.http.HttpServletResponse)
2018-05-12 01:22:49.584  INFO daka-To-be-filled-by-O-E-M --- [           main] s.w.s.m.m.a.RequestMappingHandlerMapping : Mapped "{[/error]}" onto public org.springframework.http.ResponseEntity<java.util.Map<java.lang.String, java.lang.Object>> org.springframework.boot.autoconfigure.web.BasicErrorController.error(javax.servlet.http.HttpServletRequest)
2018-05-12 01:22:49.636  INFO daka-To-be-filled-by-O-E-M --- [           main] o.s.w.s.h.SimpleUrlHandlerMapping        : Mapped URL path [/webjars/**] onto handler of type [class org.springframework.web.servlet.resource.ResourceHttpRequestHandler]
2018-05-12 01:22:49.636  INFO daka-To-be-filled-by-O-E-M --- [           main] o.s.w.s.h.SimpleUrlHandlerMapping        : Mapped URL path [/**] onto handler of type [class org.springframework.web.servlet.resource.ResourceHttpRequestHandler]
2018-05-12 01:22:49.684  INFO daka-To-be-filled-by-O-E-M --- [           main] o.s.w.s.h.SimpleUrlHandlerMapping        : Mapped URL path [/**/favicon.ico] onto handler of type [class org.springframework.web.servlet.resource.ResourceHttpRequestHandler]
2018-05-12 01:22:49.716  INFO daka-To-be-filled-by-O-E-M --- [           main] oConfiguration$WelcomePageHandlerMapping : Adding welcome page: ServletContext resource [/index.html]
2018-05-12 01:22:49.989  INFO daka-To-be-filled-by-O-E-M --- [           main] o.s.j.e.a.AnnotationMBeanExporter        : Registering beans for JMX exposure on startup
2018-05-12 01:22:50.009  INFO daka-To-be-filled-by-O-E-M --- [           main] o.a.c.h.Http11NioProtocol                : Initializing ProtocolHandler ["http-nio-8080"]
2018-05-12 01:22:50.019  INFO daka-To-be-filled-by-O-E-M --- [           main] o.a.c.h.Http11NioProtocol                : Starting ProtocolHandler ["http-nio-8080"]
2018-05-12 01:22:50.024  INFO daka-To-be-filled-by-O-E-M --- [           main] o.a.t.u.n.NioSelectorPool                : Using a shared selector for servlet write/read
2018-05-12 01:22:50.051  INFO daka-To-be-filled-by-O-E-M --- [           main] s.b.c.e.t.TomcatEmbeddedServletContainer : Tomcat started on port(s): 8080 (http)
2018-05-12 01:22:50.056  INFO daka-To-be-filled-by-O-E-M --- [           main] u.a.r.ProjectApplication                 : Started ProjectApplication in 8.816 seconds (JVM running for 9.528)
2018-05-12 01:22:52.495  INFO daka-To-be-filled-by-O-E-M --- [nio-8080-exec-2] o.a.c.c.C.[.[.[/]                        : Initializing Spring FrameworkServlet 'dispatcherServlet'
2018-05-12 01:22:52.495  INFO daka-To-be-filled-by-O-E-M --- [nio-8080-exec-2] o.s.w.s.DispatcherServlet                : FrameworkServlet 'dispatcherServlet': initialization started
2018-05-12 01:22:52.515  INFO daka-To-be-filled-by-O-E-M --- [nio-8080-exec-2] o.s.w.s.DispatcherServlet                : FrameworkServlet 'dispatcherServlet': initialization completed in 20 ms
2018-05-12 01:22:52.844  INFO daka-To-be-filled-by-O-E-M --- [nio-8080-exec-2] o.h.h.i.QueryTranslatorFactoryInitiator  : HHH000397: Using ASTQueryTranslatorFactory
2018-05-12 01:23:05.988  INFO daka-To-be-filled-by-O-E-M --- [nio-8080-exec-5] u.a.r.c.ArticleController                : Info log
2018-05-12 01:23:05.989  WARN daka-To-be-filled-by-O-E-M --- [nio-8080-exec-5] u.a.r.c.ArticleController                : Hey, This is a warning!
2018-05-12 01:23:05.989 ERROR daka-To-be-filled-by-O-E-M --- [nio-8080-exec-5] u.a.r.c.ArticleController                : Oops! We have an Error. OK
2018-05-12 01:23:05.989 FATAL daka-To-be-filled-by-O-E-M --- [nio-8080-exec-5] u.a.r.c.ArticleController                : Damn! Fatal error. Please fix me.
